Using pre-set license
Built from '2021.1/staging' branch; Version is '2021.1.22f1 (a137e5fb0427) revision 10565605'; Using compiler version '192528614'; Build Type 'Release'
OS: 'Windows 10 Pro; OS build 19043.1237; Version 2009; 64bit' Language: 'en' Physical Memory: 32677 MB
BatchMode: 1, IsHumanControllingUs: 0, StartBugReporterOnCrash: 0, Is64bit: 1, IsPro: 0

COMMAND LINE ARGUMENTS:
F:\ProgrammingTools\UnityHub\2021.1.22f1\Editor\Unity.exe
-adb2
-batchMode
-noUpm
-name
AssetImportWorker0
-projectPath
F:/MyUnityGame
-logFile
Logs/AssetImportWorker0.log
-srvPort
11312
Successfully changed project path to: F:/MyUnityGame
F:/MyUnityGame
Using Asset Import Pipeline V2.
Refreshing native plugins compatible for Editor in 20.68 ms, found 2 plugins.
Preloading 0 native plugins for Editor in 0.00 ms.
Initialize engine version: 2021.1.22f1 (a137e5fb0427)
[Subsystems] Discovering subsystems at path F:/ProgrammingTools/UnityHub/2021.1.22f1/Editor/Data/Resources/UnitySubsystems
[Subsystems] Discovering subsystems at path F:/MyUnityGame/Assets
GfxDevice: creating device client; threaded=0; jobified=0
Direct3D:
    Version:  Direct3D 11.0 [level 11.1]
    Renderer: NVIDIA GeForce RTX 2060 SUPER (ID=0x1f06)
    Vendor:   NVIDIA
    VRAM:     8031 MB
    Driver:   27.21.14.6079
Initialize mono
Mono path[0] = 'F:/ProgrammingTools/UnityHub/2021.1.22f1/Editor/Data/Managed'
Mono path[1] = 'F:/ProgrammingTools/UnityHub/2021.1.22f1/Editor/Data/MonoBleedingEdge/lib/mono/unityjit'
Mono config path = 'F:/ProgrammingTools/UnityHub/2021.1.22f1/Editor/Data/MonoBleedingEdge/etc'
Using monoOptions --debugger-agent=transport=dt_socket,embedding=1,server=y,suspend=n,address=127.0.0.1:56068
Begin MonoManager ReloadAssembly
Registering precompiled unity dll's ...
Register platform support module: F:/ProgrammingTools/UnityHub/2021.1.22f1/Editor/Data/PlaybackEngines/WindowsStandaloneSupport/UnityEditor.WindowsStandalone.Extensions.dll
Registered in 0.001121 seconds.
Native extension for WindowsStandalone target not found
Refreshing native plugins compatible for Editor in 20.63 ms, found 2 plugins.
Preloading 0 native plugins for Editor in 0.00 ms.
Mono: successfully reloaded assembly
- Completed reload, in  0.718 seconds
Domain Reload Profiling:
	ReloadAssembly (719ms)
		BeginReloadAssembly (53ms)
			ExecutionOrderSort (0ms)
			DisableScriptedObjects (0ms)
			BackupInstance (0ms)
			ReleaseScriptingObjects (0ms)
			CreateAndSetChildDomain (1ms)
		EndReloadAssembly (362ms)
			LoadAssemblies (52ms)
			RebuildTransferFunctionScriptingTraits (0ms)
			SetupTypeCache (98ms)
			ReleaseScriptCaches (0ms)
			RebuildScriptCaches (17ms)
			SetupLoadedEditorAssemblies (195ms)
				LogAssemblyErrors (0ms)
				InitializePlatformSupportModulesInManaged (8ms)
				SetLoadedEditorAssemblies (0ms)
				RefreshPlugins (21ms)
				BeforeProcessingInitializeOnLoad (2ms)
				ProcessInitializeOnLoadAttributes (126ms)
				ProcessInitializeOnLoadMethodAttributes (37ms)
				AfterProcessingInitializeOnLoad (0ms)
				EditorAssembliesLoaded (0ms)
			ExecutionOrderSort2 (0ms)
			AwakeInstancesAfterBackupRestoration (0ms)
Platform modules already initialized, skipping
Registering precompiled user dll's ...
Registered in 0.001220 seconds.
Begin MonoManager ReloadAssembly
Native extension for WindowsStandalone target not found
Refreshing native plugins compatible for Editor in 0.27 ms, found 2 plugins.
Preloading 0 native plugins for Editor in 0.00 ms.
Mono: successfully reloaded assembly
- Completed reload, in  0.841 seconds
Domain Reload Profiling:
	ReloadAssembly (842ms)
		BeginReloadAssembly (129ms)
			ExecutionOrderSort (0ms)
			DisableScriptedObjects (7ms)
			BackupInstance (0ms)
			ReleaseScriptingObjects (0ms)
			CreateAndSetChildDomain (17ms)
		EndReloadAssembly (667ms)
			LoadAssemblies (85ms)
			RebuildTransferFunctionScriptingTraits (0ms)
			SetupTypeCache (164ms)
			ReleaseScriptCaches (0ms)
			RebuildScriptCaches (23ms)
			SetupLoadedEditorAssemblies (320ms)
				LogAssemblyErrors (0ms)
				InitializePlatformSupportModulesInManaged (7ms)
				SetLoadedEditorAssemblies (1ms)
				RefreshPlugins (0ms)
				BeforeProcessingInitializeOnLoad (38ms)
				ProcessInitializeOnLoadAttributes (266ms)
				ProcessInitializeOnLoadMethodAttributes (7ms)
				AfterProcessingInitializeOnLoad (2ms)
				EditorAssembliesLoaded (0ms)
			ExecutionOrderSort2 (0ms)
			AwakeInstancesAfterBackupRestoration (9ms)
Platform modules already initialized, skipping
========================================================================
Worker process is ready to serve import requests
Launched and connected shader compiler UnityShaderCompiler.exe after 0.05 seconds
Refreshing native plugins compatible for Editor in 0.44 ms, found 2 plugins.
Preloading 0 native plugins for Editor in 0.00 ms.
Unloading 1461 Unused Serialized files (Serialized files now loaded: 0)
System memory in use before: 71.9 MB.
System memory in use after: 71.9 MB.

Unloading 16 unused Assets to reduce memory usage. Loaded Objects now: 1913.
Total: 3.646762 ms (FindLiveObjects: 0.181727 ms CreateObjectMapping: 0.048260 ms MarkObjects: 3.342045 ms  DeleteObjects: 0.066768 ms)

AssetImportParameters requested are different than current active one (requested -> active):
  custom:framework-win-MediaFoundation: 216162199b28c13a410421893ffa2e32 -> 
  custom:video-decoder-ogg-theora: a1e56fd34408186e4bbccfd4996cb3dc -> 
  custom:container-muxer-webm: aa71ff27fc2769a1b78a27578f13a17b -> 
  custom:container-demuxer-webm: 4f35f7cbe854078d1ac9338744f61a02 -> 
  custom:container-demuxer-ogg: 62fdf1f143b41e24485cea50d1cbac27 -> 
  custom:video-encoder-webm-vp8: eb34c28f22e8b96e1ab97ce403110664 -> 
  custom:video-decoder-webm-vp8: 9c59270c3fd7afecdb556c50c9e8de78 -> 
  custom:audio-decoder-ogg-vorbis: bf7c407c2cedff20999df2af8eb42d56 -> 
  custom:audio-encoder-webm-vorbis: bf7c407c2cedff20999df2af8eb42d56 -> 
========================================================================
Received Import Request.
  path: Assets/game scene.unity
  artifactKey: Guid(2d4e0041dc1875e41a5308c7fbf2b871) Importer(815301076,1909f56bfc062723c751e8b465ee728b)
Start importing Assets/game scene.unity using Guid(2d4e0041dc1875e41a5308c7fbf2b871) Importer(815301076,1909f56bfc062723c751e8b465ee728b)  -> (artifact id: 'b54d43094ba73fc64203c9e81ba73384') in 0.009214 seconds 
========================================================================
Received Import Request.
  Time since last request: 0.938924 seconds.
  path: Assets/game scene
  artifactKey: Guid(46ce29c7f7b22814589331a5cf533264) Importer(815301076,1909f56bfc062723c751e8b465ee728b)
Start importing Assets/game scene using Guid(46ce29c7f7b22814589331a5cf533264) Importer(815301076,1909f56bfc062723c751e8b465ee728b)  -> (artifact id: 'a12babc080d032b41e630964e94858ce') in 0.000725 seconds 
========================================================================
Received Import Request.
  Time since last request: 2.634072 seconds.
  path: Assets/Graphics
  artifactKey: Guid(3ed8fdcf8b4013148a011bb81d56c426) Importer(815301076,1909f56bfc062723c751e8b465ee728b)
Start importing Assets/Graphics using Guid(3ed8fdcf8b4013148a011bb81d56c426) Importer(815301076,1909f56bfc062723c751e8b465ee728b)  -> (artifact id: 'ce90f983bc5094e5e141833a6db9e974') in 0.000751 seconds 
========================================================================
Received Import Request.
  Time since last request: 0.161291 seconds.
  path: Assets/Graphics/SW-TAICHIWOOD.jpg
  artifactKey: Guid(fc305628de004ed4080cfb9b7674925f) Importer(815301076,1909f56bfc062723c751e8b465ee728b)
Start importing Assets/Graphics/SW-TAICHIWOOD.jpg using Guid(fc305628de004ed4080cfb9b7674925f) Importer(815301076,1909f56bfc062723c751e8b465ee728b)  -> (artifact id: '1a71b7b5813866c328eca6f27de16c13') in 0.111641 seconds 
========================================================================
Received Import Request.
  Time since last request: 1.037995 seconds.
  path: Assets/M_CharacterModel
  artifactKey: Guid(cdafee9d6eb0c1f4baf50215c199ea74) Importer(815301076,1909f56bfc062723c751e8b465ee728b)
Start importing Assets/M_CharacterModel using Guid(cdafee9d6eb0c1f4baf50215c199ea74) Importer(815301076,1909f56bfc062723c751e8b465ee728b)  -> (artifact id: '1a3fb15512ca0abcbe693b9dc09e9e4d') in 0.000717 seconds 
========================================================================
Received Import Request.
  Time since last request: 16.932453 seconds.
  path: Assets/M_CharacterModel/Mian_Character_ABO/Animation
  artifactKey: Guid(38dcd03dd0e25534ebb8bc086bd59abd) Importer(815301076,1909f56bfc062723c751e8b465ee728b)
Start importing Assets/M_CharacterModel/Mian_Character_ABO/Animation using Guid(38dcd03dd0e25534ebb8bc086bd59abd) Importer(815301076,1909f56bfc062723c751e8b465ee728b)  -> (artifact id: 'aa785c54ce1b9dd0795a33113a67c6b9') in 0.000770 seconds 
========================================================================
Received Import Request.
  Time since last request: 0.917911 seconds.
  path: Assets/M_CharacterModel/Mian_Character_ABO/Animation/Idle
  artifactKey: Guid(62cb707c97f6a184e9df79a29aeb015f) Importer(815301076,1909f56bfc062723c751e8b465ee728b)
Start importing Assets/M_CharacterModel/Mian_Character_ABO/Animation/Idle using Guid(62cb707c97f6a184e9df79a29aeb015f) Importer(815301076,1909f56bfc062723c751e8b465ee728b)  -> (artifact id: '26449d4472137730e857e9e7b70a5aaf') in 0.000796 seconds 
========================================================================
Received Import Request.
  Time since last request: 0.057324 seconds.
  path: Assets/M_CharacterModel/Mian_Character_ABO/Animation/Idle/Breathing Idle (1).fbx
  artifactKey: Guid(e3999820b81a20849acb921733bbc02c) Importer(815301076,1909f56bfc062723c751e8b465ee728b)
Start importing Assets/M_CharacterModel/Mian_Character_ABO/Animation/Idle/Breathing Idle (1).fbx using Guid(e3999820b81a20849acb921733bbc02c) Importer(815301076,1909f56bfc062723c751e8b465ee728b)  -> (artifact id: '26db987f7d11bf92aff08323a558a76f') in 0.040556 seconds 
========================================================================
Received Import Request.
  Time since last request: 0.000123 seconds.
  path: Assets/M_CharacterModel/Mian_Character_ABO/Animation/Idle/Idle.fbx
  artifactKey: Guid(2be57c9e736a4b648ba6fa7bb518ca71) Importer(815301076,1909f56bfc062723c751e8b465ee728b)
Start importing Assets/M_CharacterModel/Mian_Character_ABO/Animation/Idle/Idle.fbx using Guid(2be57c9e736a4b648ba6fa7bb518ca71) Importer(815301076,1909f56bfc062723c751e8b465ee728b)  -> (artifact id: '326da1209f0d089040df99c4a43601da') in 0.002551 seconds 
========================================================================
Received Prepare
Refreshing native plugins compatible for Editor in 1.69 ms, found 2 plugins.
Preloading 0 native plugins for Editor in 0.00 ms.
Unloading 10 Unused Serialized files (Serialized files now loaded: 0)
System memory in use before: 46.2 MB.
System memory in use after: 46.3 MB.

Unloading 9 unused Assets to reduce memory usage. Loaded Objects now: 1920.
Total: 2.573791 ms (FindLiveObjects: 0.103156 ms CreateObjectMapping: 0.034083 ms MarkObjects: 2.419511 ms  DeleteObjects: 0.010406 ms)

AssetImportParameters requested are different than current active one (requested -> active):
  custom:framework-win-MediaFoundation: 216162199b28c13a410421893ffa2e32 -> 
  custom:video-decoder-ogg-theora: a1e56fd34408186e4bbccfd4996cb3dc -> 
  custom:container-muxer-webm: aa71ff27fc2769a1b78a27578f13a17b -> 
  custom:container-demuxer-webm: 4f35f7cbe854078d1ac9338744f61a02 -> 
  custom:container-demuxer-ogg: 62fdf1f143b41e24485cea50d1cbac27 -> 
  custom:video-encoder-webm-vp8: eb34c28f22e8b96e1ab97ce403110664 -> 
  custom:video-decoder-webm-vp8: 9c59270c3fd7afecdb556c50c9e8de78 -> 
  custom:audio-decoder-ogg-vorbis: bf7c407c2cedff20999df2af8eb42d56 -> 
  custom:audio-encoder-webm-vorbis: bf7c407c2cedff20999df2af8eb42d56 -> 
========================================================================
Received Import Request.
  Time since last request: 21.596571 seconds.
  path: Assets/M_CharacterModel/Mian_Character_ABO/Animation/RestAnimation
  artifactKey: Guid(fee549de0e69289468d8912df1b6e4c5) Importer(815301076,1909f56bfc062723c751e8b465ee728b)
Start importing Assets/M_CharacterModel/Mian_Character_ABO/Animation/RestAnimation using Guid(fee549de0e69289468d8912df1b6e4c5) Importer(815301076,1909f56bfc062723c751e8b465ee728b)  -> (artifact id: '5032d7170dd53bc6c68132107c920071') in 0.000785 seconds 
========================================================================
Received Import Request.
  Time since last request: 0.073129 seconds.
  path: Assets/M_CharacterModel/Mian_Character_ABO/Animation/RestAnimation/Air Squat.fbx
  artifactKey: Guid(4883995ee9b0c4345a705e3149371622) Importer(815301076,1909f56bfc062723c751e8b465ee728b)
Start importing Assets/M_CharacterModel/Mian_Character_ABO/Animation/RestAnimation/Air Squat.fbx using Guid(4883995ee9b0c4345a705e3149371622) Importer(815301076,1909f56bfc062723c751e8b465ee728b)  -> (artifact id: 'c64283f37971dc3cbfc280834992d18e') in 0.003487 seconds 
========================================================================
Received Import Request.
  Time since last request: 0.000118 seconds.
  path: Assets/M_CharacterModel/Mian_Character_ABO/Animation/RestAnimation/Sad Idle.fbx
  artifactKey: Guid(ed0c1369e41630947ba37a9e0e3f89b7) Importer(815301076,1909f56bfc062723c751e8b465ee728b)
Start importing Assets/M_CharacterModel/Mian_Character_ABO/Animation/RestAnimation/Sad Idle.fbx using Guid(ed0c1369e41630947ba37a9e0e3f89b7) Importer(815301076,1909f56bfc062723c751e8b465ee728b)  -> (artifact id: 'd3d6e7c6e23bf594cdf84b1d8f34e05f') in 0.002453 seconds 
AssetImportWorkerClient::OnTransportError - code=2 error=End of file
